<?xml version="1.0" encoding="UTF-8"?>
<testng-results ignored="0" total="1" passed="1" failed="0" skipped="0">
  <reporter-output>
  </reporter-output>
  <suite started-at="2025-05-30T22:37:09 IST" name="Default suite" finished-at="2025-05-30T22:37:33 IST" duration-ms="24597">
    <groups>
    </groups>
    <test started-at="2025-05-30T22:37:09 IST" name="Default test" finished-at="2025-05-30T22:37:33 IST" duration-ms="24597">
      <class name="com.TestAmazonUsingTestNG.AmazonSignIn">
        <test-method is-config="true" signature="setUp()[pri:0, instance:com.TestAmazonUsingTestNG.AmazonSignIn@cecf639]" started-at="2025-05-30T22:37:09 IST" name="setUp" finished-at="2025-05-30T22:37:12 IST" duration-ms="3635" status="PASS">
          <reporter-output>
          </reporter-output>
        </test-method> <!-- setUp -->
        <test-method signature="signInAndAddToCart()[pri:0, instance:com.TestAmazonUsingTestNG.AmazonSignIn@cecf639]" started-at="2025-05-30T22:37:12 IST" name="signInAndAddToCart" finished-at="2025-05-30T22:37:33 IST" duration-ms="20899" status="PASS">
          <reporter-output>
          </reporter-output>
        </test-method> <!-- signInAndAddToCart -->
        <test-method is-config="true" signature="tearDown()[pri:0, instance:com.TestAmazonUsingTestNG.AmazonSignIn@cecf639]" started-at="2025-05-30T22:37:33 IST" name="tearDown" finished-at="2025-05-30T22:37:33 IST" duration-ms="1" status="PASS">
          <reporter-output>
          </reporter-output>
        </test-method> <!-- tearDown -->
      </class> <!-- com.TestAmazonUsingTestNG.AmazonSignIn -->
    </test> <!-- Default test -->
  </suite> <!-- Default suite -->
</testng-results>
